2026-01-09T00:35:11.366Z server01 PaymentGateway [WARN]: Operation pending for user 428
2026-01-09T04:18:27.240Z server01 AuthController [ERROR]: Operation started for user 451
2026-01-07T08:25:52.230Z server01 AuthController [INFO]: Operation completed for user 513
2026-01-09T20:56:38.098Z server01 PaymentGateway [DEBUG]: Operation completed for user 408
2026-01-11T12:18:25.120Z server01 AuthController [INFO]: Operation failed for user 439
2026-01-10T10:23:40.594Z server01 DatabaseConnector [INFO]: Operation completed for user 543
2026-01-12T10:25:54.424Z server01 PaymentGateway [ERROR]: Operation completed for user 446
2026-01-07T16:42:09.247Z server01 DatabaseConnector [WARN]: Operation pending for user 417
2026-01-08T08:34:45.464Z server01 UserService [ERROR]: Operation completed for user 476
2026-01-09T00:55:52.742Z server01 AuthController [ERROR]: Operation completed for user 487
2026-01-05T22:58:47.690Z server01 PaymentGateway [ERROR]: Operation failed for user 470
2026-01-09T23:30:38.971Z server01 DatabaseConnector [WARN]: Operation pending for user 450
2026-01-08T21:14:29.040Z server01 DatabaseConnector [WARN]: Operation pending for user 578
2026-01-06T02:25:58.959Z server01 UserService [INFO]: Operation failed for user 538
2026-01-10T22:30:17.361Z server01 DatabaseConnector [INFO]: Operation failed for user 482
2026-01-10T18:57:52.667Z server01 PaymentGateway [ERROR]: Operation failed for user 512
2026-01-06T00:08:06.827Z server01 AuthController [ERROR]: Operation pending for user 414
2026-01-12T06:56:18.031Z server01 PaymentGateway [DEBUG]: Operation completed for user 520
2026-01-07T15:40:34.550Z server01 DatabaseConnector [WARN]: Operation failed for user 449
2026-01-07T23:04:27.073Z server01 PaymentGateway [INFO]: Operation started for user 480
